This file contains any messages produced by compilers while
running configure, to aid debugging if configure makes a mistake.

It was created by rott configure 1.1.2, which was
generated by GNU Autoconf 2.71.  Invocation command line was

  $ ./configure

## --------- ##
## Platform. ##
## --------- ##

hostname = dma
uname -m = x86_64
uname -r = 3.4.6.x86_64
uname -s = MINGW32_NT-10.0-19045
uname -v = 2023-02-15 18:03 UTC

/usr/bin/uname -p = unknown
/bin/uname -X     = unknown

/bin/arch              = x86_64
/usr/bin/arch -k       = unknown
/usr/convex/getsysinfo = unknown
/usr/bin/hostinfo      = unknown
/bin/machine           = unknown
/usr/bin/oslevel       = unknown
/bin/universe          = unknown

PATH: /mingw32/bin/
PATH: /usr/local/bin/
PATH: /usr/bin/
PATH: /bin/
PATH: /c/Windows/System32/
PATH: /c/Windows/
PATH: /c/Windows/System32/Wbem/
PATH: /c/Windows/System32/WindowsPowerShell/v1.0/
PATH: /usr/bin/site_perl/
PATH: /usr/bin/vendor_perl/
PATH: /usr/bin/core_perl/


## ----------- ##
## Core tests. ##
## ----------- ##

configure:2252: loading site script /etc/config.site
| # This file is in public domain.
| # Original author: Karlson2k (Evgeny Grin)
| # Written for MSys2 to help running 'configure' scripts
| 
| # Defaults for MSys2/MinGW64-targeted programs
| 
| # Set proper selfname on bash and fallback to default name on other shells
| test -n "${BASH_SOURCE}" 2>/dev/null && config_site_me="${BASH_SOURCE[0]##*/}" || config_site_me=config.site
| 
| # Set default 'host' to speedup configure
| if test -z "$build_alias"; then
|   build_alias="${MSYSTEM_CHOST}"  && \
|     ${as_echo-echo} "$config_site_me:${as_lineno-$LINENO}: default build_alias set to $build_alias" >&5
| fi
| 
| # Set default 'prefix'
| if ( test -z "$prefix" || test "x$prefix" = "xNONE" ) && \
|     ( test -z "$exec_prefix" || test "x$exec_prefix" = "xNONE" ); then
|   prefix="${MSYSTEM_PREFIX}" && \
|     ${as_echo-echo} "$config_site_me:${as_lineno-$LINENO}: default prefix set to $prefix" >&5
| fi
config.site:13: default build_alias set to i686-w64-mingw32
config.site:20: default prefix set to /mingw32
configure:2827: looking for aux files: config.guess config.sub compile missing install-sh
configure:2840:  trying ./
configure:2869:   ./config.guess found
configure:2869:   ./config.sub found
configure:2869:   ./compile found
configure:2869:   ./missing found
configure:2851:   ./install-sh found
configure:2998: checking for a BSD-compatible install
configure:3071: result: /usr/bin/install -c
configure:3082: checking whether build environment is sane
configure:3137: result: yes
configure:3296: checking for a race-free mkdir -p
configure:3340: result: /usr/bin/mkdir -p
configure:3347: checking for gawk
configure:3368: found /usr/bin/gawk
configure:3379: result: gawk
configure:3390: checking whether make sets $(MAKE)
configure:3413: result: yes
configure:3443: checking whether make supports nested variables
configure:3461: result: yes
configure:3658: checking for gcc
configure:3679: found /mingw32/bin/gcc
configure:3690: result: gcc
configure:4043: checking for C compiler version
configure:4052: gcc --version >&5
gcc.exe (Rev10, Built by MSYS2 project) 12.2.0
Copyright (C) 2022 Free Software Foundation, Inc.
This is free software; see the source for copying conditions.  There is NO
warranty; not even for MERCHANTABILITY or FITNESS FOR A PARTICULAR PURPOSE.

configure:4063: $? = 0
configure:4052: gcc -v >&5
Using built-in specs.
COLLECT_GCC=C:\msys64\mingw32\bin\gcc.exe
COLLECT_LTO_WRAPPER=C:/msys64/mingw32/bin/../lib/gcc/i686-w64-mingw32/12.2.0/lto-wrapper.exe
Target: i686-w64-mingw32
Configured with: ../gcc-12.2.0/configure --prefix=/mingw32 --with-local-prefix=/mingw32/local --build=i686-w64-mingw32 --host=i686-w64-mingw32 --target=i686-w64-mingw32 --with-native-system-header-dir=/mingw32/include --libexecdir=/mingw32/lib --enable-bootstrap --enable-checking=release --with-arch=pentium4 --with-tune=generic --enable-languages=c,lto,c++,fortran,ada,objc,obj-c++,jit --enable-shared --enable-static --enable-libatomic --enable-threads=posix --enable-graphite --enable-fully-dynamic-string --enable-libstdcxx-filesystem-ts --enable-libstdcxx-time --disable-libstdcxx-pch --enable-lto --enable-libgomp --disable-multilib --disable-rpath --disable-win32-registry --disable-nls --disable-werror --disable-symvers --with-libiconv --with-system-zlib --with-gmp=/mingw32 --with-mpfr=/mingw32 --with-mpc=/mingw32 --with-isl=/mingw32 --with-pkgversion='Rev10, Built by MSYS2 project' --with-bugurl=https://github.com/msys2/MINGW-packages/issues --with-gnu-as --with-gnu-ld --disable-libstdcxx-debug --disable-sjlj-exceptions --with-dwarf2 --with-boot-ldflags=-static-libstdc++ --with-stage1-ldflags=-static-libstdc++
Thread model: posix
Supported LTO compression algorithms: zlib zstd
gcc version 12.2.0 (Rev10, Built by MSYS2 project) 
configure:4063: $? = 0
configure:4052: gcc -V >&5
gcc.exe: error: unrecognized command-line option '-V'
gcc.exe: fatal error: no input files
compilation terminated.
configure:4063: $? = 1
configure:4052: gcc -qversion >&5
gcc.exe: error: unrecognized command-line option '-qversion'; did you mean '--version'?
gcc.exe: fatal error: no input files
compilation terminated.
configure:4063: $? = 1
configure:4052: gcc -version >&5
gcc.exe: error: unrecognized command-line option '-version'
gcc.exe: fatal error: no input files
compilation terminated.
configure:4063: $? = 1
configure:4083: checking whether the C compiler works
configure:4105: gcc    conftest.c  >&5
configure:4109: $? = 0
configure:4159: result: yes
configure:4162: checking for C compiler default output file name
configure:4164: result: a.exe
configure:4170: checking for suffix of executables
configure:4177: gcc -o conftest.exe    conftest.c  >&5
configure:4181: $? = 0
configure:4204: result: .exe
configure:4226: checking whether we are cross compiling
configure:4234: gcc -o conftest.exe    conftest.c  >&5
configure:4238: $? = 0
configure:4245: ./conftest.exe
configure:4249: $? = 0
configure:4264: result: no
configure:4269: checking for suffix of object files
configure:4292: gcc -c   conftest.c >&5
configure:4296: $? = 0
configure:4318: result: o
configure:4322: checking whether the compiler supports GNU C
configure:4342: gcc -c   conftest.c >&5
configure:4342: $? = 0
configure:4352: result: yes
configure:4363: checking whether gcc accepts -g
configure:4384: gcc -c -g  conftest.c >&5
configure:4384: $? = 0
configure:4428: result: yes
configure:4448: checking for gcc option to enable C11 features
configure:4463: gcc  -c -g -O2  conftest.c >&5
configure:4463: $? = 0
configure:4481: result: none needed
configure:4597: checking whether gcc understands -c and -o together
configure:4620: gcc -c conftest.c -o conftest2.o
configure:4623: $? = 0
configure:4620: gcc -c conftest.c -o conftest2.o
configure:4623: $? = 0
configure:4635: result: yes
configure:4655: checking whether make supports the include directive
configure:4670: make -f confmf.GNU && cat confinc.out
this is the am__doit target
configure:4673: $? = 0
configure:4692: result: yes (GNU style)
configure:4718: checking dependency style of gcc
configure:4830: result: gcc3
configure:4914: checking for g++
configure:4935: found /mingw32/bin/g++
configure:4946: result: g++
configure:4973: checking for C++ compiler version
configure:4982: g++ --version >&5
g++.exe (Rev10, Built by MSYS2 project) 12.2.0
Copyright (C) 2022 Free Software Foundation, Inc.
This is free software; see the source for copying conditions.  There is NO
warranty; not even for MERCHANTABILITY or FITNESS FOR A PARTICULAR PURPOSE.

configure:4993: $? = 0
configure:4982: g++ -v >&5
Using built-in specs.
COLLECT_GCC=C:\msys64\mingw32\bin\g++.exe
COLLECT_LTO_WRAPPER=C:/msys64/mingw32/bin/../lib/gcc/i686-w64-mingw32/12.2.0/lto-wrapper.exe
Target: i686-w64-mingw32
Configured with: ../gcc-12.2.0/configure --prefix=/mingw32 --with-local-prefix=/mingw32/local --build=i686-w64-mingw32 --host=i686-w64-mingw32 --target=i686-w64-mingw32 --with-native-system-header-dir=/mingw32/include --libexecdir=/mingw32/lib --enable-bootstrap --enable-checking=release --with-arch=pentium4 --with-tune=generic --enable-languages=c,lto,c++,fortran,ada,objc,obj-c++,jit --enable-shared --enable-static --enable-libatomic --enable-threads=posix --enable-graphite --enable-fully-dynamic-string --enable-libstdcxx-filesystem-ts --enable-libstdcxx-time --disable-libstdcxx-pch --enable-lto --enable-libgomp --disable-multilib --disable-rpath --disable-win32-registry --disable-nls --disable-werror --disable-symvers --with-libiconv --with-system-zlib --with-gmp=/mingw32 --with-mpfr=/mingw32 --with-mpc=/mingw32 --with-isl=/mingw32 --with-pkgversion='Rev10, Built by MSYS2 project' --with-bugurl=https://github.com/msys2/MINGW-packages/issues --with-gnu-as --with-gnu-ld --disable-libstdcxx-debug --disable-sjlj-exceptions --with-dwarf2 --with-boot-ldflags=-static-libstdc++ --with-stage1-ldflags=-static-libstdc++
Thread model: posix
Supported LTO compression algorithms: zlib zstd
gcc version 12.2.0 (Rev10, Built by MSYS2 project) 
configure:4993: $? = 0
configure:4982: g++ -V >&5
g++.exe: error: unrecognized command-line option '-V'
g++.exe: fatal error: no input files
compilation terminated.
configure:4993: $? = 1
configure:4982: g++ -qversion >&5
g++.exe: error: unrecognized command-line option '-qversion'; did you mean '--version'?
g++.exe: fatal error: no input files
compilation terminated.
configure:4993: $? = 1
configure:4997: checking whether the compiler supports GNU C++
configure:5017: g++ -c   conftest.cpp >&5
configure:5017: $? = 0
configure:5027: result: yes
configure:5038: checking whether g++ accepts -g
configure:5059: g++ -c -g  conftest.cpp >&5
configure:5059: $? = 0
configure:5103: result: yes
configure:5123: checking for g++ option to enable C++11 features
configure:5138: g++  -c -g -O2  conftest.cpp >&5
conftest.cpp: In function 'int main(int, char**)':
conftest.cpp:175:25: warning: empty parentheses were disambiguated as a function declaration [-Wvexing-parse]
  175 |   cxx11test::delegate d2();
      |                         ^~
conftest.cpp:175:25: note: remove parentheses to default-initialize a variable
  175 |   cxx11test::delegate d2();
      |                         ^~
      |                         --
conftest.cpp:175:25: note: or replace parentheses with braces to value-initialize a variable
configure:5138: $? = 0
configure:5156: result: none needed
configure:5222: checking dependency style of g++
configure:5334: result: gcc3
configure:5397: checking for ranlib
configure:5418: found /mingw32/bin/ranlib
configure:5429: result: ranlib
configure:5514: checking for pkg-config
configure:5537: found /usr/bin/pkg-config
configure:5549: result: /usr/bin/pkg-config
configure:5574: checking pkg-config is at least version 0.9.0
configure:5577: result: yes
configure:5587: checking for sdl2
configure:5594: $PKG_CONFIG --exists --print-errors "sdl2"
configure:5597: $? = 0
configure:5611: $PKG_CONFIG --exists --print-errors "sdl2"
configure:5614: $? = 0
configure:5672: result: yes
configure:5678: checking for SDL2_mixer
configure:5685: $PKG_CONFIG --exists --print-errors "SDL2_mixer"
configure:5688: $? = 0
configure:5702: $PKG_CONFIG --exists --print-errors "SDL2_mixer"
configure:5705: $? = 0
configure:5763: result: yes
configure:5776: checking for stdio.h
configure:5776: gcc -c -g -O2  conftest.c >&5
configure:5776: $? = 0
configure:5776: result: yes
configure:5776: checking for stdlib.h
configure:5776: gcc -c -g -O2  conftest.c >&5
configure:5776: $? = 0
configure:5776: result: yes
configure:5776: checking for string.h
configure:5776: gcc -c -g -O2  conftest.c >&5
configure:5776: $? = 0
configure:5776: result: yes
configure:5776: checking for inttypes.h
configure:5776: gcc -c -g -O2  conftest.c >&5
configure:5776: $? = 0
configure:5776: result: yes
configure:5776: checking for stdint.h
configure:5776: gcc -c -g -O2  conftest.c >&5
configure:5776: $? = 0
configure:5776: result: yes
configure:5776: checking for strings.h
configure:5776: gcc -c -g -O2  conftest.c >&5
configure:5776: $? = 0
configure:5776: result: yes
configure:5776: checking for sys/stat.h
configure:5776: gcc -c -g -O2  conftest.c >&5
configure:5776: $? = 0
configure:5776: result: yes
configure:5776: checking for sys/types.h
configure:5776: gcc -c -g -O2  conftest.c >&5
configure:5776: $? = 0
configure:5776: result: yes
configure:5776: checking for unistd.h
configure:5776: gcc -c -g -O2  conftest.c >&5
configure:5776: $? = 0
configure:5776: result: yes
configure:5801: checking for fcntl.h
configure:5801: gcc -c -g -O2  conftest.c >&5
configure:5801: $? = 0
configure:5801: result: yes
configure:5807: checking for limits.h
configure:5807: gcc -c -g -O2  conftest.c >&5
configure:5807: $? = 0
configure:5807: result: yes
configure:5813: checking for malloc.h
configure:5813: gcc -c -g -O2  conftest.c >&5
configure:5813: $? = 0
configure:5813: result: yes
configure:5819: checking for stddef.h
configure:5819: gcc -c -g -O2  conftest.c >&5
configure:5819: $? = 0
configure:5819: result: yes
configure:5825: checking for stdlib.h
configure:5825: result: yes
configure:5831: checking for string.h
configure:5831: result: yes
configure:5837: checking for unistd.h
configure:5837: result: yes
configure:5846: checking for _Bool
configure:5846: gcc -c -g -O2  conftest.c >&5
configure:5846: $? = 0
configure:5846: gcc -c -g -O2  conftest.c >&5
conftest.c: In function 'main':
conftest.c:59:20: error: expected expression before ')' token
   59 | if (sizeof ((_Bool)))
      |                    ^
configure:5846: $? = 1
configure: failed program was:
| /* confdefs.h */
| #define PACKAGE_NAME "rott"
| #define PACKAGE_TARNAME "rott"
| #define PACKAGE_VERSION "1.1.2"
| #define PACKAGE_STRING "rott 1.1.2"
| #define PACKAGE_BUGREPORT ""
| #define PACKAGE_URL ""
| #define USE_SDL 1
| #define PLATFORM_UNIX 1
| #define HAVE_STDIO_H 1
| #define HAVE_STDLIB_H 1
| #define HAVE_STRING_H 1
| #define HAVE_INTTYPES_H 1
| #define HAVE_STDINT_H 1
| #define HAVE_STRINGS_H 1
| #define HAVE_SYS_STAT_H 1
| #define HAVE_SYS_TYPES_H 1
| #define HAVE_UNISTD_H 1
| #define STDC_HEADERS 1
| #define HAVE_FCNTL_H 1
| #define HAVE_LIMITS_H 1
| #define HAVE_MALLOC_H 1
| #define HAVE_STDDEF_H 1
| #define HAVE_STDLIB_H 1
| #define HAVE_STRING_H 1
| #define HAVE_UNISTD_H 1
| /* end confdefs.h.  */
| #include <stddef.h>
| #ifdef HAVE_STDIO_H
| # include <stdio.h>
| #endif
| #ifdef HAVE_STDLIB_H
| # include <stdlib.h>
| #endif
| #ifdef HAVE_STRING_H
| # include <string.h>
| #endif
| #ifdef HAVE_INTTYPES_H
| # include <inttypes.h>
| #endif
| #ifdef HAVE_STDINT_H
| # include <stdint.h>
| #endif
| #ifdef HAVE_STRINGS_H
| # include <strings.h>
| #endif
| #ifdef HAVE_SYS_TYPES_H
| # include <sys/types.h>
| #endif
| #ifdef HAVE_SYS_STAT_H
| # include <sys/stat.h>
| #endif
| #ifdef HAVE_UNISTD_H
| # include <unistd.h>
| #endif
| int
| main (void)
| {
| if (sizeof ((_Bool)))
| 	    return 0;
|   ;
|   return 0;
| }
configure:5846: result: yes
configure:5855: checking for stdbool.h that conforms to C99
configure:5971: gcc -c -g -O2  conftest.c >&5
configure:5971: $? = 0
configure:5979: result: yes
configure:5982: checking for inline
configure:5999: gcc -c -g -O2  conftest.c >&5
configure:5999: $? = 0
configure:6008: result: inline
configure:6026: checking for int16_t
configure:6026: gcc -c -g -O2  conftest.c >&5
configure:6026: $? = 0
configure:6026: gcc -c -g -O2  conftest.c >&5
conftest.c: In function 'main':
conftest.c:61:12: error: size of array 'test_array' is negative
   61 | static int test_array [1 - 2 * !((int16_t) (((((int16_t) 1 << N) << N) - 1) * 2 + 1)
      |            ^~~~~~~~~~
configure:6026: $? = 1
configure: failed program was:
| /* confdefs.h */
| #define PACKAGE_NAME "rott"
| #define PACKAGE_TARNAME "rott"
| #define PACKAGE_VERSION "1.1.2"
| #define PACKAGE_STRING "rott 1.1.2"
| #define PACKAGE_BUGREPORT ""
| #define PACKAGE_URL ""
| #define USE_SDL 1
| #define PLATFORM_UNIX 1
| #define HAVE_STDIO_H 1
| #define HAVE_STDLIB_H 1
| #define HAVE_STRING_H 1
| #define HAVE_INTTYPES_H 1
| #define HAVE_STDINT_H 1
| #define HAVE_STRINGS_H 1
| #define HAVE_SYS_STAT_H 1
| #define HAVE_SYS_TYPES_H 1
| #define HAVE_UNISTD_H 1
| #define STDC_HEADERS 1
| #define HAVE_FCNTL_H 1
| #define HAVE_LIMITS_H 1
| #define HAVE_MALLOC_H 1
| #define HAVE_STDDEF_H 1
| #define HAVE_STDLIB_H 1
| #define HAVE_STRING_H 1
| #define HAVE_UNISTD_H 1
| #define HAVE__BOOL 1
| /* end confdefs.h.  */
| #include <stddef.h>
| #ifdef HAVE_STDIO_H
| # include <stdio.h>
| #endif
| #ifdef HAVE_STDLIB_H
| # include <stdlib.h>
| #endif
| #ifdef HAVE_STRING_H
| # include <string.h>
| #endif
| #ifdef HAVE_INTTYPES_H
| # include <inttypes.h>
| #endif
| #ifdef HAVE_STDINT_H
| # include <stdint.h>
| #endif
| #ifdef HAVE_STRINGS_H
| # include <strings.h>
| #endif
| #ifdef HAVE_SYS_TYPES_H
| # include <sys/types.h>
| #endif
| #ifdef HAVE_SYS_STAT_H
| # include <sys/stat.h>
| #endif
| #ifdef HAVE_UNISTD_H
| # include <unistd.h>
| #endif
| 	        enum { N = 16 / 2 - 1 };
| int
| main (void)
| {
| static int test_array [1 - 2 * !((int16_t) (((((int16_t) 1 << N) << N) - 1) * 2 + 1)
| 		 < (int16_t) (((((int16_t) 1 << N) << N) - 1) * 2 + 2))];
| test_array [0] = 0;
| return test_array [0];
| 
|   ;
|   return 0;
| }
configure:6026: result: yes
configure:6035: checking for int32_t
configure:6035: gcc -c -g -O2  conftest.c >&5
configure:6035: $? = 0
configure:6035: gcc -c -g -O2  conftest.c >&5
conftest.c: In function 'main':
conftest.c:62:67: warning: integer overflow in expression of type 'int' results in '-2147483648' [-Woverflow]
   62 |                  < (int32_t) (((((int32_t) 1 << N) << N) - 1) * 2 + 2))];
      |                                                                   ^
conftest.c:61:12: error: storage size of 'test_array' isn't constant
   61 | static int test_array [1 - 2 * !((int32_t) (((((int32_t) 1 << N) << N) - 1) * 2 + 1)
      |            ^~~~~~~~~~
configure:6035: $? = 1
configure: failed program was:
| /* confdefs.h */
| #define PACKAGE_NAME "rott"
| #define PACKAGE_TARNAME "rott"
| #define PACKAGE_VERSION "1.1.2"
| #define PACKAGE_STRING "rott 1.1.2"
| #define PACKAGE_BUGREPORT ""
| #define PACKAGE_URL ""
| #define USE_SDL 1
| #define PLATFORM_UNIX 1
| #define HAVE_STDIO_H 1
| #define HAVE_STDLIB_H 1
| #define HAVE_STRING_H 1
| #define HAVE_INTTYPES_H 1
| #define HAVE_STDINT_H 1
| #define HAVE_STRINGS_H 1
| #define HAVE_SYS_STAT_H 1
| #define HAVE_SYS_TYPES_H 1
| #define HAVE_UNISTD_H 1
| #define STDC_HEADERS 1
| #define HAVE_FCNTL_H 1
| #define HAVE_LIMITS_H 1
| #define HAVE_MALLOC_H 1
| #define HAVE_STDDEF_H 1
| #define HAVE_STDLIB_H 1
| #define HAVE_STRING_H 1
| #define HAVE_UNISTD_H 1
| #define HAVE__BOOL 1
| /* end confdefs.h.  */
| #include <stddef.h>
| #ifdef HAVE_STDIO_H
| # include <stdio.h>
| #endif
| #ifdef HAVE_STDLIB_H
| # include <stdlib.h>
| #endif
| #ifdef HAVE_STRING_H
| # include <string.h>
| #endif
| #ifdef HAVE_INTTYPES_H
| # include <inttypes.h>
| #endif
| #ifdef HAVE_STDINT_H
| # include <stdint.h>
| #endif
| #ifdef HAVE_STRINGS_H
| # include <strings.h>
| #endif
| #ifdef HAVE_SYS_TYPES_H
| # include <sys/types.h>
| #endif
| #ifdef HAVE_SYS_STAT_H
| # include <sys/stat.h>
| #endif
| #ifdef HAVE_UNISTD_H
| # include <unistd.h>
| #endif
| 	        enum { N = 32 / 2 - 1 };
| int
| main (void)
| {
| static int test_array [1 - 2 * !((int32_t) (((((int32_t) 1 << N) << N) - 1) * 2 + 1)
| 		 < (int32_t) (((((int32_t) 1 << N) << N) - 1) * 2 + 2))];
| test_array [0] = 0;
| return test_array [0];
| 
|   ;
|   return 0;
| }
configure:6035: result: yes
configure:6044: checking for int8_t
configure:6044: gcc -c -g -O2  conftest.c >&5
configure:6044: $? = 0
configure:6044: gcc -c -g -O2  conftest.c >&5
conftest.c: In function 'main':
conftest.c:61:12: error: size of array 'test_array' is negative
   61 | static int test_array [1 - 2 * !((int8_t) (((((int8_t) 1 << N) << N) - 1) * 2 + 1)
      |            ^~~~~~~~~~
configure:6044: $? = 1
configure: failed program was:
| /* confdefs.h */
| #define PACKAGE_NAME "rott"
| #define PACKAGE_TARNAME "rott"
| #define PACKAGE_VERSION "1.1.2"
| #define PACKAGE_STRING "rott 1.1.2"
| #define PACKAGE_BUGREPORT ""
| #define PACKAGE_URL ""
| #define USE_SDL 1
| #define PLATFORM_UNIX 1
| #define HAVE_STDIO_H 1
| #define HAVE_STDLIB_H 1
| #define HAVE_STRING_H 1
| #define HAVE_INTTYPES_H 1
| #define HAVE_STDINT_H 1
| #define HAVE_STRINGS_H 1
| #define HAVE_SYS_STAT_H 1
| #define HAVE_SYS_TYPES_H 1
| #define HAVE_UNISTD_H 1
| #define STDC_HEADERS 1
| #define HAVE_FCNTL_H 1
| #define HAVE_LIMITS_H 1
| #define HAVE_MALLOC_H 1
| #define HAVE_STDDEF_H 1
| #define HAVE_STDLIB_H 1
| #define HAVE_STRING_H 1
| #define HAVE_UNISTD_H 1
| #define HAVE__BOOL 1
| /* end confdefs.h.  */
| #include <stddef.h>
| #ifdef HAVE_STDIO_H
| # include <stdio.h>
| #endif
| #ifdef HAVE_STDLIB_H
| # include <stdlib.h>
| #endif
| #ifdef HAVE_STRING_H
| # include <string.h>
| #endif
| #ifdef HAVE_INTTYPES_H
| # include <inttypes.h>
| #endif
| #ifdef HAVE_STDINT_H
| # include <stdint.h>
| #endif
| #ifdef HAVE_STRINGS_H
| # include <strings.h>
| #endif
| #ifdef HAVE_SYS_TYPES_H
| # include <sys/types.h>
| #endif
| #ifdef HAVE_SYS_STAT_H
| # include <sys/stat.h>
| #endif
| #ifdef HAVE_UNISTD_H
| # include <unistd.h>
| #endif
| 	        enum { N = 8 / 2 - 1 };
| int
| main (void)
| {
| static int test_array [1 - 2 * !((int8_t) (((((int8_t) 1 << N) << N) - 1) * 2 + 1)
| 		 < (int8_t) (((((int8_t) 1 << N) << N) - 1) * 2 + 2))];
| test_array [0] = 0;
| return test_array [0];
| 
|   ;
|   return 0;
| }
configure:6044: result: yes
configure:6053: checking for size_t
configure:6053: gcc -c -g -O2  conftest.c >&5
configure:6053: $? = 0
configure:6053: gcc -c -g -O2  conftest.c >&5
conftest.c: In function 'main':
conftest.c:60:21: error: expected expression before ')' token
   60 | if (sizeof ((size_t)))
      |                     ^
configure:6053: $? = 1
configure: failed program was:
| /* confdefs.h */
| #define PACKAGE_NAME "rott"
| #define PACKAGE_TARNAME "rott"
| #define PACKAGE_VERSION "1.1.2"
| #define PACKAGE_STRING "rott 1.1.2"
| #define PACKAGE_BUGREPORT ""
| #define PACKAGE_URL ""
| #define USE_SDL 1
| #define PLATFORM_UNIX 1
| #define HAVE_STDIO_H 1
| #define HAVE_STDLIB_H 1
| #define HAVE_STRING_H 1
| #define HAVE_INTTYPES_H 1
| #define HAVE_STDINT_H 1
| #define HAVE_STRINGS_H 1
| #define HAVE_SYS_STAT_H 1
| #define HAVE_SYS_TYPES_H 1
| #define HAVE_UNISTD_H 1
| #define STDC_HEADERS 1
| #define HAVE_FCNTL_H 1
| #define HAVE_LIMITS_H 1
| #define HAVE_MALLOC_H 1
| #define HAVE_STDDEF_H 1
| #define HAVE_STDLIB_H 1
| #define HAVE_STRING_H 1
| #define HAVE_UNISTD_H 1
| #define HAVE__BOOL 1
| /* end confdefs.h.  */
| #include <stddef.h>
| #ifdef HAVE_STDIO_H
| # include <stdio.h>
| #endif
| #ifdef HAVE_STDLIB_H
| # include <stdlib.h>
| #endif
| #ifdef HAVE_STRING_H
| # include <string.h>
| #endif
| #ifdef HAVE_INTTYPES_H
| # include <inttypes.h>
| #endif
| #ifdef HAVE_STDINT_H
| # include <stdint.h>
| #endif
| #ifdef HAVE_STRINGS_H
| # include <strings.h>
| #endif
| #ifdef HAVE_SYS_TYPES_H
| # include <sys/types.h>
| #endif
| #ifdef HAVE_SYS_STAT_H
| # include <sys/stat.h>
| #endif
| #ifdef HAVE_UNISTD_H
| # include <unistd.h>
| #endif
| int
| main (void)
| {
| if (sizeof ((size_t)))
| 	    return 0;
|   ;
|   return 0;
| }
configure:6053: result: yes
configure:6063: checking for uint16_t
configure:6063: gcc -c -g -O2  conftest.c >&5
configure:6063: $? = 0
configure:6063: result: yes
configure:6073: checking for uint32_t
configure:6073: gcc -c -g -O2  conftest.c >&5
configure:6073: $? = 0
configure:6073: result: yes
configure:6089: checking for working alloca.h
configure:6107: gcc -o conftest.exe -g -O2   conftest.c  >&5
conftest.c:29:10: fatal error: alloca.h: No such file or directory
   29 | #include <alloca.h>
      |          ^~~~~~~~~~
compilation terminated.
configure:6107: $? = 1
configure: failed program was:
| /* confdefs.h */
| #define PACKAGE_NAME "rott"
| #define PACKAGE_TARNAME "rott"
| #define PACKAGE_VERSION "1.1.2"
| #define PACKAGE_STRING "rott 1.1.2"
| #define PACKAGE_BUGREPORT ""
| #define PACKAGE_URL ""
| #define USE_SDL 1
| #define PLATFORM_UNIX 1
| #define HAVE_STDIO_H 1
| #define HAVE_STDLIB_H 1
| #define HAVE_STRING_H 1
| #define HAVE_INTTYPES_H 1
| #define HAVE_STDINT_H 1
| #define HAVE_STRINGS_H 1
| #define HAVE_SYS_STAT_H 1
| #define HAVE_SYS_TYPES_H 1
| #define HAVE_UNISTD_H 1
| #define STDC_HEADERS 1
| #define HAVE_FCNTL_H 1
| #define HAVE_LIMITS_H 1
| #define HAVE_MALLOC_H 1
| #define HAVE_STDDEF_H 1
| #define HAVE_STDLIB_H 1
| #define HAVE_STRING_H 1
| #define HAVE_UNISTD_H 1
| #define HAVE__BOOL 1
| /* end confdefs.h.  */
| #include <alloca.h>
| int
| main (void)
| {
| char *p = (char *) alloca (2 * sizeof (int));
| 			  if (p) return 0;
|   ;
|   return 0;
| }
configure:6116: result: no
configure:6124: checking for alloca
configure:6160: gcc -o conftest.exe -g -O2   conftest.c  >&5
configure:6160: $? = 0
configure:6169: result: yes
configure:6242: checking build system type
configure:6257: result: i686-w64-mingw32
configure:6277: checking host system type
configure:6291: result: i686-w64-mingw32
configure:6311: checking for GNU libc compatible malloc
configure:6343: gcc -o conftest.exe -g -O2   conftest.c  >&5
configure:6343: $? = 0
configure:6343: ./conftest.exe
configure:6343: $? = 0
configure:6354: result: yes
configure:6376: checking for GNU libc compatible realloc
configure:6408: gcc -o conftest.exe -g -O2   conftest.c  >&5
configure:6408: $? = 0
configure:6408: ./conftest.exe
configure:6408: $? = 0
configure:6419: result: yes
configure:6441: checking for memmove
configure:6441: gcc -o conftest.exe -g -O2   conftest.c  >&5
conftest.c:48:6: warning: conflicting types for built-in function 'memmove'; expected 'void *(void *, const void *, unsigned int)' [-Wbuiltin-declaration-mismatch]
   48 | char memmove ();
      |      ^~~~~~~
conftest.c:40:1: note: 'memmove' is declared in header '<string.h>'
   39 | #include <limits.h>
   40 | #undef memmove
configure:6441: $? = 0
configure:6441: result: yes
configure:6447: checking for memset
configure:6447: gcc -o conftest.exe -g -O2   conftest.c  >&5
conftest.c:49:6: warning: conflicting types for built-in function 'memset'; expected 'void *(void *, int,  unsigned int)' [-Wbuiltin-declaration-mismatch]
   49 | char memset ();
      |      ^~~~~~
conftest.c:41:1: note: 'memset' is declared in header '<string.h>'
   40 | #include <limits.h>
   41 | #undef memset
configure:6447: $? = 0
configure:6447: result: yes
configure:6453: checking for mkdir
configure:6453: gcc -o conftest.exe -g -O2   conftest.c  >&5
configure:6453: $? = 0
configure:6453: result: yes
configure:6459: checking for pow
configure:6459: gcc -o conftest.exe -g -O2   conftest.c  >&5
conftest.c:51:6: warning: conflicting types for built-in function 'pow'; expected 'double(double,  double)' [-Wbuiltin-declaration-mismatch]
   51 | char pow ();
      |      ^~~
conftest.c:43:1: note: 'pow' is declared in header '<math.h>'
   42 | #include <limits.h>
   43 | #undef pow
configure:6459: $? = 0
configure:6459: result: yes
configure:6465: checking for strcasecmp
configure:6465: gcc -o conftest.exe -g -O2   conftest.c  >&5
conftest.c:52:6: warning: conflicting types for built-in function 'strcasecmp'; expected 'int(const char *, const char *)' [-Wbuiltin-declaration-mismatch]
   52 | char strcasecmp ();
      |      ^~~~~~~~~~
configure:6465: $? = 0
configure:6465: result: yes
configure:6471: checking for strerror
configure:6471: gcc -o conftest.exe -g -O2   conftest.c  >&5
configure:6471: $? = 0
configure:6471: result: yes
configure:6477: checking for strrchr
configure:6477: gcc -o conftest.exe -g -O2   conftest.c  >&5
conftest.c:54:6: warning: conflicting types for built-in function 'strrchr'; expected 'char *(const char *, int)' [-Wbuiltin-declaration-mismatch]
   54 | char strrchr ();
      |      ^~~~~~~
conftest.c:46:1: note: 'strrchr' is declared in header '<string.h>'
   45 | #include <limits.h>
   46 | #undef strrchr
configure:6477: $? = 0
configure:6477: result: yes
configure:6483: checking for strstr
configure:6483: gcc -o conftest.exe -g -O2   conftest.c  >&5
conftest.c:55:6: warning: conflicting types for built-in function 'strstr'; expected 'char *(const char *, const char *)' [-Wbuiltin-declaration-mismatch]
   55 | char strstr ();
      |      ^~~~~~
conftest.c:47:1: note: 'strstr' is declared in header '<string.h>'
   46 | #include <limits.h>
   47 | #undef strstr
configure:6483: $? = 0
configure:6483: result: yes
configure:6489: checking for strtol
configure:6489: gcc -o conftest.exe -g -O2   conftest.c  >&5
configure:6489: $? = 0
configure:6489: result: yes
configure:6690: checking that generated files are newer than configure
configure:6696: result: done
configure:6723: creating ./config.status

## ---------------------- ##
## Running config.status. ##
## ---------------------- ##

This file was extended by rott config.status 1.1.2, which was
generated by GNU Autoconf 2.71.  Invocation command line was

  CONFIG_FILES    = 
  CONFIG_HEADERS  = 
  CONFIG_LINKS    = 
  CONFIG_COMMANDS = 
  $ ./config.status 

on dma

config.status:798: creating Makefile
config.status:798: creating rott/Makefile
config.status:798: creating rott/audiolib/Makefile
config.status:970: executing depfiles commands
config.status:1047: cd rott       && sed -e '/# am--include-marker/d' Makefile         | make -f - am--depfiles
config.status:1052: $? = 0
config.status:1047: cd rott/audiolib       && sed -e '/# am--include-marker/d' Makefile         | make -f - am--depfiles
config.status:1052: $? = 0

## ---------------- ##
## Cache variables. ##
## ---------------- ##

ac_cv_build=i686-w64-mingw32
ac_cv_c_compiler_gnu=yes
ac_cv_c_inline=inline
ac_cv_c_int16_t=yes
ac_cv_c_int32_t=yes
ac_cv_c_int8_t=yes
ac_cv_c_uint16_t=yes
ac_cv_c_uint32_t=yes
ac_cv_cxx_compiler_gnu=yes
ac_cv_env_CCC_set=
ac_cv_env_CCC_value=
ac_cv_env_CC_set=
ac_cv_env_CC_value=
ac_cv_env_CFLAGS_set=
ac_cv_env_CFLAGS_value=
ac_cv_env_CPPFLAGS_set=
ac_cv_env_CPPFLAGS_value=
ac_cv_env_CXXFLAGS_set=
ac_cv_env_CXXFLAGS_value=
ac_cv_env_CXX_set=
ac_cv_env_CXX_value=
ac_cv_env_LDFLAGS_set=
ac_cv_env_LDFLAGS_value=
ac_cv_env_LIBS_set=
ac_cv_env_LIBS_value=
ac_cv_env_PKG_CONFIG_LIBDIR_set=
ac_cv_env_PKG_CONFIG_LIBDIR_value=
ac_cv_env_PKG_CONFIG_PATH_set=set
ac_cv_env_PKG_CONFIG_PATH_value=/mingw32/lib/pkgconfig:/mingw32/share/pkgconfig
ac_cv_env_PKG_CONFIG_set=
ac_cv_env_PKG_CONFIG_value=
ac_cv_env_SDL_CFLAGS_set=
ac_cv_env_SDL_CFLAGS_value=
ac_cv_env_SDL_LIBS_set=
ac_cv_env_SDL_LIBS_value=
ac_cv_env_SDL_mixer_CFLAGS_set=
ac_cv_env_SDL_mixer_CFLAGS_value=
ac_cv_env_SDL_mixer_LIBS_set=
ac_cv_env_SDL_mixer_LIBS_value=
ac_cv_env_build_alias_set=
ac_cv_env_build_alias_value=
ac_cv_env_host_alias_set=
ac_cv_env_host_alias_value=
ac_cv_env_target_alias_set=
ac_cv_env_target_alias_value=
ac_cv_exeext=.exe
ac_cv_func_alloca_works=yes
ac_cv_func_malloc_0_nonnull=yes
ac_cv_func_memmove=yes
ac_cv_func_memset=yes
ac_cv_func_mkdir=yes
ac_cv_func_pow=yes
ac_cv_func_realloc_0_nonnull=yes
ac_cv_func_strcasecmp=yes
ac_cv_func_strerror=yes
ac_cv_func_strrchr=yes
ac_cv_func_strstr=yes
ac_cv_func_strtol=yes
ac_cv_header_fcntl_h=yes
ac_cv_header_inttypes_h=yes
ac_cv_header_limits_h=yes
ac_cv_header_malloc_h=yes
ac_cv_header_stdbool_h=yes
ac_cv_header_stddef_h=yes
ac_cv_header_stdint_h=yes
ac_cv_header_stdio_h=yes
ac_cv_header_stdlib_h=yes
ac_cv_header_string_h=yes
ac_cv_header_strings_h=yes
ac_cv_header_sys_stat_h=yes
ac_cv_header_sys_types_h=yes
ac_cv_header_unistd_h=yes
ac_cv_host=i686-w64-mingw32
ac_cv_objext=o
ac_cv_path_ac_pt_PKG_CONFIG=/usr/bin/pkg-config
ac_cv_path_install='/usr/bin/install -c'
ac_cv_path_mkdir=/usr/bin/mkdir
ac_cv_prog_AWK=gawk
ac_cv_prog_ac_ct_CC=gcc
ac_cv_prog_ac_ct_CXX=g++
ac_cv_prog_ac_ct_RANLIB=ranlib
ac_cv_prog_cc_c11=
ac_cv_prog_cc_g=yes
ac_cv_prog_cc_stdc=
ac_cv_prog_cxx_11=no
ac_cv_prog_cxx_cxx11=
ac_cv_prog_cxx_g=yes
ac_cv_prog_cxx_stdcxx=
ac_cv_prog_make_make_set=yes
ac_cv_type__Bool=yes
ac_cv_type_size_t=yes
ac_cv_working_alloca_h=no
am_cv_CC_dependencies_compiler_type=gcc3
am_cv_CXX_dependencies_compiler_type=gcc3
am_cv_make_support_nested_variables=yes
am_cv_prog_cc_c_o=yes
pkg_cv_SDL_CFLAGS='-I/usr/include -I/usr/include/SDL2 -Dmain=SDL_main'
pkg_cv_SDL_LIBS='-L/usr/lib -lmingw32 -lSDL2main -lSDL2 -mwindows'
pkg_cv_SDL_mixer_CFLAGS='-I/i686-w64-mingw32/include/SDL2 -I/usr/include -I/usr/include/SDL2 -Dmain=SDL_main'
pkg_cv_SDL_mixer_LIBS='-L/i686-w64-mingw32/lib -lSDL2_mixer -L/usr/lib -lmingw32 -lSDL2main -lSDL2 -mwindows'

## ----------------- ##
## Output variables. ##
## ----------------- ##

ACLOCAL='${SHELL} '\''/d/drott/drott-staging/missing'\'' aclocal-1.16'
ALLOCA=''
AMDEPBACKSLASH='\'
AMDEP_FALSE='#'
AMDEP_TRUE=''
AMTAR='$${TAR-tar}'
AM_BACKSLASH='\'
AM_DEFAULT_V='$(AM_DEFAULT_VERBOSITY)'
AM_DEFAULT_VERBOSITY='1'
AM_V='$(V)'
AUTOCONF='${SHELL} '\''/d/drott/drott-staging/missing'\'' autoconf'
AUTOHEADER='${SHELL} '\''/d/drott/drott-staging/missing'\'' autoheader'
AUTOMAKE='${SHELL} '\''/d/drott/drott-staging/missing'\'' automake-1.16'
AWK='gawk'
CC='gcc'
CCDEPMODE='depmode=gcc3'
CFLAGS='-g -O2'
CPPFLAGS=''
CSCOPE='cscope'
CTAGS='ctags'
CXX='g++'
CXXDEPMODE='depmode=gcc3'
CXXFLAGS='-g -O2'
CYGPATH_W='cygpath -w'
DEFS='-DPACKAGE_NAME=\"rott\" -DPACKAGE_TARNAME=\"rott\" -DPACKAGE_VERSION=\"1.1.2\" -DPACKAGE_STRING=\"rott\ 1.1.2\" -DPACKAGE_BUGREPORT=\"\" -DPACKAGE_URL=\"\" -DUSE_SDL=1 -DPLATFORM_UNIX=1 -DHAVE_STDIO_H=1 -DHAVE_STDLIB_H=1 -DHAVE_STRING_H=1 -DHAVE_INTTYPES_H=1 -DHAVE_STDINT_H=1 -DHAVE_STRINGS_H=1 -DHAVE_SYS_STAT_H=1 -DHAVE_SYS_TYPES_H=1 -DHAVE_UNISTD_H=1 -DSTDC_HEADERS=1 -DHAVE_FCNTL_H=1 -DHAVE_LIMITS_H=1 -DHAVE_MALLOC_H=1 -DHAVE_STDDEF_H=1 -DHAVE_STDLIB_H=1 -DHAVE_STRING_H=1 -DHAVE_UNISTD_H=1 -DHAVE__BOOL=1 -DHAVE_ALLOCA=1 -DHAVE_MALLOC=1 -DHAVE_REALLOC=1 -DHAVE_MEMMOVE=1 -DHAVE_MEMSET=1 -DHAVE_MKDIR=1 -DHAVE_POW=1 -DHAVE_STRCASECMP=1 -DHAVE_STRERROR=1 -DHAVE_STRRCHR=1 -DHAVE_STRSTR=1 -DHAVE_STRTOL=1'
DEPDIR='.deps'
ECHO_C=''
ECHO_N='-n'
ECHO_T=''
ETAGS='etags'
EXEEXT='.exe'
INSTALL_DATA='${INSTALL} -m 644'
INSTALL_PROGRAM='${INSTALL}'
INSTALL_SCRIPT='${INSTALL}'
INSTALL_STRIP_PROGRAM='$(install_sh) -c -s'
LDFLAGS=''
LIBOBJS=''
LIBS=''
LTLIBOBJS=''
MAKEINFO='${SHELL} '\''/d/drott/drott-staging/missing'\'' makeinfo'
MKDIR_P='/usr/bin/mkdir -p'
OBJEXT='o'
PACKAGE='rott'
PACKAGE_BUGREPORT=''
PACKAGE_NAME='rott'
PACKAGE_STRING='rott 1.1.2'
PACKAGE_TARNAME='rott'
PACKAGE_URL=''
PACKAGE_VERSION='1.1.2'
PATH_SEPARATOR=':'
PKG_CONFIG='/usr/bin/pkg-config'
PKG_CONFIG_LIBDIR=''
PKG_CONFIG_PATH='/mingw32/lib/pkgconfig:/mingw32/share/pkgconfig'
RANLIB='ranlib'
SDL_CFLAGS='-I/usr/include -I/usr/include/SDL2 -Dmain=SDL_main'
SDL_LIBS='-L/usr/lib -lmingw32 -lSDL2main -lSDL2 -mwindows'
SDL_mixer_CFLAGS='-I/i686-w64-mingw32/include/SDL2 -I/usr/include -I/usr/include/SDL2 -Dmain=SDL_main'
SDL_mixer_LIBS='-L/i686-w64-mingw32/lib -lSDL2_mixer -L/usr/lib -lmingw32 -lSDL2main -lSDL2 -mwindows'
SET_MAKE=''
SHELL='/bin/sh'
STRIP=''
SUFFIX=''
VERSION='1.1.2'
ac_ct_CC='gcc'
ac_ct_CXX='g++'
am__EXEEXT_FALSE='#'
am__EXEEXT_TRUE=''
am__fastdepCC_FALSE='#'
am__fastdepCC_TRUE=''
am__fastdepCXX_FALSE='#'
am__fastdepCXX_TRUE=''
am__include='include'
am__isrc=''
am__leading_dot='.'
am__nodep='_no'
am__quote=''
am__tar='$${TAR-tar} chof - "$$tardir"'
am__untar='$${TAR-tar} xf -'
bindir='${exec_prefix}/bin'
build='i686-w64-mingw32'
build_alias='i686-w64-mingw32'
build_cpu='i686'
build_os='mingw32'
build_vendor='w64'
datadir='no'
datarootdir='${prefix}/share'
docdir='${datarootdir}/doc/${PACKAGE_TARNAME}'
dvidir='${docdir}'
exec_prefix='${prefix}'
host='i686-w64-mingw32'
host_alias=''
host_cpu='i686'
host_os='mingw32'
host_vendor='w64'
htmldir='${docdir}'
includedir='${prefix}/include'
infodir='${datarootdir}/info'
install_sh='${SHELL} /d/drott/drott-staging/install-sh'
libdir='${exec_prefix}/lib'
libexecdir='${exec_prefix}/libexec'
localedir='${datarootdir}/locale'
localstatedir='${prefix}/var'
mandir='${datarootdir}/man'
mkdir_p='$(MKDIR_P)'
oldincludedir='/usr/include'
pdfdir='${docdir}'
prefix='/mingw32'
program_transform_name='s,x,x,'
psdir='${docdir}'
runstatedir='${localstatedir}/run'
sbindir='${exec_prefix}/sbin'
sharedstatedir='${prefix}/com'
sysconfdir='${prefix}/etc'
target_alias=''

## ----------- ##
## confdefs.h. ##
## ----------- ##

/* confdefs.h */
#define PACKAGE_NAME "rott"
#define PACKAGE_TARNAME "rott"
#define PACKAGE_VERSION "1.1.2"
#define PACKAGE_STRING "rott 1.1.2"
#define PACKAGE_BUGREPORT ""
#define PACKAGE_URL ""
#define USE_SDL 1
#define PLATFORM_UNIX 1
#define HAVE_STDIO_H 1
#define HAVE_STDLIB_H 1
#define HAVE_STRING_H 1
#define HAVE_INTTYPES_H 1
#define HAVE_STDINT_H 1
#define HAVE_STRINGS_H 1
#define HAVE_SYS_STAT_H 1
#define HAVE_SYS_TYPES_H 1
#define HAVE_UNISTD_H 1
#define STDC_HEADERS 1
#define HAVE_FCNTL_H 1
#define HAVE_LIMITS_H 1
#define HAVE_MALLOC_H 1
#define HAVE_STDDEF_H 1
#define HAVE_STDLIB_H 1
#define HAVE_STRING_H 1
#define HAVE_UNISTD_H 1
#define HAVE__BOOL 1
#define HAVE_ALLOCA 1
#define HAVE_MALLOC 1
#define HAVE_REALLOC 1
#define HAVE_MEMMOVE 1
#define HAVE_MEMSET 1
#define HAVE_MKDIR 1
#define HAVE_POW 1
#define HAVE_STRCASECMP 1
#define HAVE_STRERROR 1
#define HAVE_STRRCHR 1
#define HAVE_STRSTR 1
#define HAVE_STRTOL 1

configure: exit 0
